{"level":"info","message":"Registering user: 0x3524475669908C46b4417743D2B9D0d16a4eF378","timestamp":"2024-07-31T10:13:56.884Z"}
{"level":"info","message":"Creating credential","timestamp":"2024-07-31T10:13:56.885Z"}
{"error":"","level":"error","message":"Error in registration process","timestamp":"2024-07-31T10:13:56.892Z","username":"0x3524475669908C46b4417743D2B9D0d16a4eF378"}
{"level":"info","message":"Registering user: 0x3524475669908C46b4417743D2B9D0d16a4eF378","timestamp":"2024-07-31T10:18:34.707Z"}
{"level":"info","message":"Creating credential","timestamp":"2024-07-31T10:18:34.709Z"}
{"error":"","level":"error","message":"Error in registration process","timestamp":"2024-07-31T10:18:34.715Z","username":"0x3524475669908C46b4417743D2B9D0d16a4eF378"}
{"level":"info","message":"Registering user: 0x3524475669908C46b4417743D2B9D0d16a4eF378","timestamp":"2024-07-31T10:43:19.924Z"}
{"level":"info","message":"Creating credential","timestamp":"2024-07-31T10:43:19.926Z"}
{"error":"connect ECONNREFUSED 34.100.214.82:3002","level":"error","message":"Error in registration process","timestamp":"2024-07-31T10:43:22.166Z","username":"0x3524475669908C46b4417743D2B9D0d16a4eF378"}
{"level":"info","message":"Registering user: 0x3524475669908C46b4417743D2B9D0d16a4eF378","timestamp":"2024-07-31T10:45:00.133Z"}
{"level":"info","message":"Creating credential","timestamp":"2024-07-31T10:45:00.135Z"}
{"error":"connect ECONNREFUSED 34.100.214.82:3002","level":"error","message":"Error in registration process","timestamp":"2024-07-31T10:45:02.353Z","username":"0x3524475669908C46b4417743D2B9D0d16a4eF378"}
{"level":"info","message":"Registering user: 0x3524475669908C46b4417743D2B9D0d16a4eF378","timestamp":"2024-08-01T09:05:08.239Z"}
{"level":"info","message":"Creating credential","timestamp":"2024-08-01T09:05:08.241Z"}
{"level":"info","message":"Creating QR code","timestamp":"2024-08-01T09:05:09.770Z"}
{"error":{"message":"Error in aadhaar service"},"level":"error","message":"Error in registration process","timestamp":"2024-08-01T09:05:39.861Z","username":"0x3524475669908C46b4417743D2B9D0d16a4eF378"}
{"level":"info","message":"Registering user: undefined","timestamp":"2024-08-01T09:07:52.499Z"}
{"level":"info","message":"Creating credential","timestamp":"2024-08-01T09:07:52.502Z"}
{"level":"info","message":"Creating QR code","timestamp":"2024-08-01T09:07:52.672Z"}
{"error":{"message":"Error in aadhaar service"},"level":"error","message":"Error in registration process","timestamp":"2024-08-01T09:08:22.763Z"}
{"level":"info","message":"Registering user: 0x3524475669908C46b4417743D2B9D0d16a4eF378","timestamp":"2024-08-01T09:15:38.631Z"}
{"level":"info","message":"Creating credential","timestamp":"2024-08-01T09:15:38.634Z"}
{"level":"info","message":"Creating QR code","timestamp":"2024-08-01T09:15:40.155Z"}
{"error":{"message":"Error in aadhaar service"},"level":"error","message":"Error in registration process","timestamp":"2024-08-01T09:16:10.239Z","username":"0x3524475669908C46b4417743D2B9D0d16a4eF378"}
{"level":"info","message":"Registering user: 0x3524475669908C46b4417743D2B9D0d16a4eF378","timestamp":"2024-08-01T09:21:26.779Z"}
{"level":"info","message":"Creating credential","timestamp":"2024-08-01T09:21:26.781Z"}
{"level":"info","message":"Creating QR code","timestamp":"2024-08-01T09:21:27.631Z"}
{"error":{"message":"Error in aadhaar service"},"level":"error","message":"Error in registration process","timestamp":"2024-08-01T09:21:57.713Z","username":"0x3524475669908C46b4417743D2B9D0d16a4eF378"}
{"level":"info","message":"Registering user: 0x3524475669908C46b4417743D2B9D0d16a4eF378","timestamp":"2024-08-01T09:27:20.307Z"}
{"level":"info","message":"Creating credential","timestamp":"2024-08-01T09:27:20.309Z"}
{"level":"info","message":"Creating QR code","timestamp":"2024-08-01T09:27:21.630Z"}
{"error":{"message":"Error in aadhaar service"},"level":"error","message":"Error in registration process","timestamp":"2024-08-01T09:27:51.718Z","username":"0x3524475669908C46b4417743D2B9D0d16a4eF378"}
{"level":"info","message":"Registering user: undefined","timestamp":"2024-08-02T05:21:01.271Z"}
{"level":"info","message":"Creating credential","timestamp":"2024-08-02T05:21:01.272Z"}
{"level":"info","message":"Creating QR code","timestamp":"2024-08-02T05:21:03.117Z"}
{"level":"info","message":"QR code link generated: http://34.93.171.75:3002/v1/qr-store?id=54ec9bf2-a32b-4403-b068-43d1b57e0d40","timestamp":"2024-08-02T05:21:03.208Z"}
{"error":"User validation failed: username: Path `username` is required.","level":"error","message":"Error in saving user:","timestamp":"2024-08-02T05:21:03.335Z"}
{"level":"info","message":"Registering user: undefined","timestamp":"2024-08-02T05:21:38.761Z"}
{"level":"info","message":"Creating credential","timestamp":"2024-08-02T05:21:38.762Z"}
{"level":"info","message":"Creating QR code","timestamp":"2024-08-02T05:21:38.912Z"}
{"level":"info","message":"QR code link generated: http://34.93.171.75:3002/v1/qr-store?id=045430be-be4f-4c72-99e6-14f8012b5145","timestamp":"2024-08-02T05:21:38.999Z"}
{"error":"User validation failed: username: Path `username` is required.","level":"error","message":"Error in saving user:","timestamp":"2024-08-02T05:21:39.120Z"}
{"level":"info","message":"Registering user: undefined","timestamp":"2024-08-02T05:21:41.628Z"}
{"level":"info","message":"Creating credential","timestamp":"2024-08-02T05:21:41.629Z"}
{"level":"info","message":"Creating QR code","timestamp":"2024-08-02T05:21:41.731Z"}
{"level":"info","message":"QR code link generated: http://34.93.171.75:3002/v1/qr-store?id=8c4ff56c-2f00-4e66-88ec-4d9f1d9edce9","timestamp":"2024-08-02T05:21:41.822Z"}
{"error":"User validation failed: username: Path `username` is required.","level":"error","message":"Error in saving user:","timestamp":"2024-08-02T05:21:41.959Z"}
{"level":"info","message":"Registering user: 0x3524475669908C46b4417743D2B9D0d16a4eF378","timestamp":"2024-08-02T05:53:49.705Z"}
{"level":"info","message":"Creating credential","timestamp":"2024-08-02T05:53:49.707Z"}
{"level":"info","message":"Creating QR code","timestamp":"2024-08-02T05:53:51.126Z"}
{"level":"info","message":"QR code link generated: http://34.93.171.75:3002/v1/qr-store?id=c3244539-b1dd-4c89-b216-da33484df559","timestamp":"2024-08-02T05:53:51.215Z"}
{"level":"info","message":"User saved successfully: 0x3524475669908C46b4417743D2B9D0d16a4eF378","timestamp":"2024-08-02T05:53:51.391Z"}
{"level":"info","message":"Registration successful","timestamp":"2024-08-02T05:53:51.392Z","username":"0x3524475669908C46b4417743D2B9D0d16a4eF378"}
{"level":"info","message":"Registering user: 0xF3C95B1A8cAbf3D5151912377AeAdd84aA41c27C","timestamp":"2024-08-02T06:52:44.228Z"}
{"level":"info","message":"Creating credential","timestamp":"2024-08-02T06:52:44.230Z"}
{"level":"info","message":"Creating QR code","timestamp":"2024-08-02T06:52:45.608Z"}
{"level":"info","message":"QR code link generated: http://34.93.171.75:3002/v1/qr-store?id=7a18c5c1-9f58-44a8-9073-aff560246584","timestamp":"2024-08-02T06:52:45.701Z"}
{"level":"info","message":"User saved successfully: 0xF3C95B1A8cAbf3D5151912377AeAdd84aA41c27C","timestamp":"2024-08-02T06:52:45.906Z"}
{"level":"info","message":"Registration successful","timestamp":"2024-08-02T06:52:45.907Z","username":"0xF3C95B1A8cAbf3D5151912377AeAdd84aA41c27C"}
{"level":"info","message":"Registering user: 0x3524475669908C46b4417743D2B9D0d16a4eF378","timestamp":"2024-08-02T07:09:36.798Z"}
{"level":"info","message":"Creating credential","timestamp":"2024-08-02T07:09:36.801Z"}
{"level":"info","message":"Creating QR code","timestamp":"2024-08-02T07:09:38.839Z"}
{"level":"info","message":"QR code link generated: http://34.93.171.75:3002/v1/qr-store?id=8f41f4b3-23b7-4b8f-ad4c-a95f1c85fbdb","timestamp":"2024-08-02T07:09:38.938Z"}
{"level":"info","message":"User saved successfully: 0x3524475669908C46b4417743D2B9D0d16a4eF378","timestamp":"2024-08-02T07:09:39.114Z"}
{"level":"info","message":"Registration successful","timestamp":"2024-08-02T07:09:39.115Z","username":"0x3524475669908C46b4417743D2B9D0d16a4eF378"}
{"level":"info","message":"Registering user: 0x3524475669908C46b4417743D2B9D0d16a4eF378","timestamp":"2024-08-05T10:12:55.896Z"}
{"level":"info","message":"Creating credential","timestamp":"2024-08-05T10:12:55.899Z"}
{"error":"connect ETIMEDOUT 34.93.171.75:3002","level":"error","message":"Error in registration process","timestamp":"2024-08-05T10:13:16.955Z","username":"0x3524475669908C46b4417743D2B9D0d16a4eF378"}
